<?xml version="1.0" encoding="UTF-8"?>

<testsuite spec="../Overview.html">

<test id="7a" for="ta-7" src="test-cases/ta-7/7a/7a.wgt" expected="invalid">
Tests whether the validator notifies external entities of the result of the
validation. To pass, the validator must notify any "external entities" that the
validation has failed.
</test>
<test id="7b" for="ta-7" src="test-cases/ta-7/7b/7b.wgt">
Tests whether the validator notifies external entities of the result of the
validation. To pass, the validator must notify any "external entities" that the
validation has succeeded.
</test>

<test id="40a" for="ta-40" src="test-cases/ta-40/40a/40a.wgt">
Tests whether the validator located all signature files in a widget package.
To pass the validator must find "signature1.xml", "signature2.xml",
"signature987654321.xml" and "author-signature.xml".
</test>

<test id="8a" for="ta-8" src="test-cases/ta-8/8a/8a.wgt" expected="unsigned">
Tests whether the validator correctly ignores incorrect filenames.
To pass, the validator must treat this as an unsigned widget by ignoring the
files: author-signature1.xml, author-signature.XML, AUTHOR-SIGNATURE.xml,
signature01.xml, signature1.xml, signature-2.xml, SIGNATURE3.xml, signature4.XML,
signature.xml
</test>

<test id="41a" for="ta-41" src="test-cases/ta-41/41a/41a.wgt">
Tests if the generated signature file is placed in the root of the widget
package. To pass the signer must create a signature in the root of the widget
package, and it must match "signature1.xml".
</test>

<test id="3a" for="ta-3" src="test-cases/ta-3/3/3.wgt" expected="invalid">
Tests if the signer generates a widget signature with a key length of less than
1024 bits. To pass the signer must attempt to sign this widget with the key
"512.rsa.key", and fail as the key is less than 1024 bits long.
</test>

<test id="5a" for="ta-5" src="test-cases/ta-5/5a/5a.wgt">
Tests that the signer ensures that every ds:Reference to same-document XML
content has exactly one ds:Transform element to specify the canonicalization
method. To pass the signer must create a signature for the given files, which
must match the given signature1.xml.
</test>

<test id="28a" for="ta-28" src="test-cases/ta-28/28a/28a.wgt" expected="invalid">
Tests that a widget signature has a ds:Reference for every file entry that is
not a widget signature. To pass a validator must fail to verify "signature1.xml"
as it lacks a reference to the "LICENSE" file entry. A signer must generate a
signature that contains a ds:Reference element for config.xml, index.html,
LICENSE, css/ and css/style.css.
</test>

<test id="11a" for="ta-11" src="test-cases/ta-11/11a/11a.wgt" expected="invalid">
Tests that the validator treats a distributor signature without a dsp:Role
signature property as being in error. To pass the validator must fail to
validate this widget.
</test>

<test id="11b" for="ta-11" src="test-cases/ta-11/11b/11b.wgt" expected="invalid">
Tests that the validator treats a distributor signature with a dsp:Role signature
property that does not contain a URI for a distributor role as being in error.
To pass the validator must fail to validate this widget.
widget.
</test>

<test id="12a" for="ta-12" src="test-cases/ta-12/12a/12a.wgt" expected="invalid">
Tests that the validator treats an author signature without a dsp:Role signature
property as being in error. To pass the validator must fail to validate this
widget.
</test>

<test id="12b" for="ta-12" src="test-cases/ta-12/12b/12b.wgt" expected="invalid">
Tests that the validator treats an author signature with a dsp:Role signature
property that does not contain a URI for a author role as being in error.
To pass the validator must fail to validate this widget.
widget.
</test>

<test id="15a" for="ta-15" src="test-cases/ta-15/15a/15a.wgt">
Tests if the validator is able to process a ds:Reference to same-document XML
content when that ds:reference does not have a ds:Transform, for backward
compatibility. To pass the validator must validate this widget successfully.
</test>

<test id="16c" for="ta-16" src="test-cases/ta-16/16c/16c.wgt" expected="invalid">
Tests that each widget signature contains a dsp:Profile signature properties
element with the correct URI attribute value. To pass a validator must
fail to validate this widget due to the incorrect URI in the dsp:Profile
signature property. A signer must generate an author signature and distributor
signature for the given files, both with dsp:Profile URIs equal to
"http://www.w3.org/ns/widgets-digsig#profile".
</test>

<test id="16e" for="ta-16" src="test-cases/ta-16/16e/16e.wgt" expected="invalid">
Tests that each widget signature contains a dsp:Identifier signature properties
element compliant with XMLDSIG-Properties. To pass a validator must fail to
validate this widget a there are two dsp:Identifier elements. A signer must
generate a distributor signature with one dsp:Identifier element, with a value
of "w3c-testsuite-id-ta-16-16e".
</test>

<test id="16f" for="ta-16" src="test-cases/ta-16/16f/16f.wgt" expected="invalid">
Tests if every ds:Reference used within a widget signature has a URI attribute.
To pass a validator must fail to validate this widget, as a ds:Reference is
missing a URI attribute to the LICENSE file entry. A signer must generate a
distributor signature with a ds:Reference for, and URIs matching, "config.xml",
"LICENSE", "index.html" and "#prop".
</test>

<test id="16g" for="ta-16" src="test-cases/ta-16/16g/16g.wgt" expected="invalid">
Tests if every ds:Reference used within a widget signature is a reference to a
file entry in the same widget package. To pass a validator must fail to validate
this widget as it references a file outside of widget package.
</test>

<test id="19rsa" for="ta-19" src="test-cases/ta-19/19rsa/19rsa.wgt">
Tests that the validator supports the RSAwithSHA256 signature algorithm. To pass
the validator must successfully validate this widget.
</test>

<test id="19dsa" for="ta-19" src="test-cases/ta-19/19dsa/19dsa.wgt">
Tests that the validator supports the DSAwithSHA1 signature algorithm. To pass
the validator must successfully validate this widget.
</test>

<test id="24a" for="ta-24" src="test-cases/ta-24/24a/24a.wgt">
Tests that an implementation supports the Exclusive XML Canonicalization 1.0
(omits comments) canonicalization algorithm. To pass a validator must
successfully validate this widget, and a signer must match signature1.xml when
signing the given files.
</test>

<test id="29a" for="ta-29" src="test-cases/ta-29/29a/29a.wgt" expected="invalid">
Tests that if an author signature is present within the widget package, the
implementation ensures that a distributor signature has a ds:Reference for any
author signature. To pass a validator must fail to validate this widget as
signature1.xml lacks a ds:Reference to author-signature.xml. A signer must
generate a signature that contains a ds:Reference element for
author-signature.xml.
</test>

<test id="31a" for="ta-31" src="test-cases/ta-31/31a/31a.wgt" expected="invalid">
Tests that the implementation ensures that the Algorithm attribute of the
ds:digestMethod is SHA-256. To pass a validator must fail to validate this
widget, as it uses the MD5 hashing algorithm. A signer must generate a signature
for the given files, and the Algorithm attribute of the ds:digestMethod elements
must be "http://www.w3.org/2001/04/xmlenc#sha256" .
</test>

<test id="32a" for="ta-32" src="test-cases/ta-32/32a/32a.wgt" expected="invalid">
Tests that the implementation ensures that Canonical XML 1.1 is specified as the
Canonicalization Algorithm for a ds:Reference to same-document XML content. To
pass a validator must fail to validate this widget as it uses the
Canonical XML 1.0 algorithm. A signer must generate a signature for the given
files, and the ds:Reference for "#prop" must contain a ds:Transform element
which specifies "http://www.w3.org/2006/12/xml-c14n11" as the canonicalization
algorithm.
</test>

<test id="32b" for="ta-32" src="test-cases/ta-32/32b/32b.wgt" expected="invalid">
Tests that a ds:Reference that is not to same-document XML content does not have
any ds:Transform elements. To pass a validator must fail to validate this widget
as the ds:Reference for config.xml contains a ds:Transform element.
</test>

<test id="33a" for="ta-33" src="test-cases/ta-33/33a/33a.wgt">
Tests that an implementation is able to process a ds:Reference to same-document
XML content when that ds:Reference does not have a ds:Transform child element,
and that the default canonicalization algorithm Canonical XML 1.0 is used. To
pass the implementation must either successfully validate this widget, or
generate a signature that matches.
</test>

<test id="25a" for="ta-25" src="test-cases/ta-25/25a/25a.wgt" expected="invalid">
Tests that an implementation performs a case-sensitive comparisons on file
names. To pass the validator must fail to validate this widget as the reference
to the LICENSE file entry has the incorrect case, and the
signer never generate a signature that matches signature1.xml.
</test>

<test id="34a" for="ta-34" src="test-cases/ta-34/34a/34a.wgt" expected="invalid">
Tests that an implementation ensures that the ds:Object element contains a
single ds:SignatureProperties element. To pass a validator must fail to validate
this widget, and a signer must never match signature1.xml, as the ds:Object
element contains two ds:SignatureProperties elements.
</test>

<test id="34b" for="ta-34" src="test-cases/ta-34/34b/34b.wgt" expected="invalid">
Tests that the implementation ensures that the ds:SignatureProperties element
contains a different ds:SignatureProperty element for each property
required by this specification. To pass a validator must fail to validate
this widget, and a signer must never match signature1.xml, as the
ds:SignatureProperties element is missing a dsp:Profile signature property.
</test>

<test id="36a" for="ta-36" src="test-cases/ta-36/36a/36a.wgt">
Tests that the implementation ensures that the Algorithm attribute of the
ds:CanonicalizationMethod element is one of the canonicalization algorithms. To
pass a validator must validate this widget, and a signer should generate a
signature that matches signature1.xml.
</test>

<test id="30a" for="ta-30" src="test-cases/ta-30/30a/30a.wgt" expected="invalid">
Tests if every ds:Reference used within a widget signature is a reference to a
file entry in the same widget package. To pass a validator must fail to validate
this widget as it references a file outside of widget package.
</test>

<test id="37a" for="ta-37" src="test-cases/ta-37/37a/37a.wgt" expected="invalid">
Tests if an implementation ensures that the widget signature includes a
ds:Object element within the ds:Signature element. To pass a validator must fail
to validate this widget as it lacks a ds:Object element. A signer must generate
a distributor signature that contains a ds:Object element within the ds:Signature
element.
</test>

<test id="37b" for="ta-37" src="test-cases/ta-37/37b/37b.wgt" expected="invalid">
Tests if an implementation ensures that the ds:Object element is referenced by a
ds:Reference element. To pass a validator must fail to validate this widget as
it lacks a ds:Reference to the ds:Object element. A signer must generate
a distributor signature that contains a ds:Object element referenced by a
ds:Reference element.
</test>

<test id="4a" for="ta-4" src="test-cases/ta-4/4a/4a.wgt">
Tests that when generating an author signature, the signer includes a dsp:Role
signature property having the URI value for an author role. To pass the signer
must generate an author signature for the given files, which must match the
given author-signature.xml file.
</test>

<test id="20a" for="ta-20" src="test-cases/ta-20/20a/20a.wgt">
Tests that the signer supports the RSAwithSHA256 signature algorithm. To pass
the signer must generate an author signature and distributor signature with the
default RSA key ("3.rsa.key.pem") for the given files, which must match
"author-signature.xml" and "signature1.xml".
</test>

<test id="21a" for="ta-21" src="test-cases/ta-21/21a/21a.wgt">
Tests if the signer supports the DSAwithSHA1 signature algorithm. To pass
the signer must generate an author signature and distributor signature with
"3.dsa.key.pem" for the given files, which must match "author-signature.xml" and
"signature1.xml".
</test>

<test id="13a" for="ta-13" src="test-cases/ta-13/13a/13a.wgt" expected="invalid">
Tests if the validator performs revocation checking. To pass the validator must
fail to validate this widget as the key used to sign
(revoked.rsa.{key,cert}.pem) has been revoked (testCA/crl/revoked.pem).
</test>

<test id="13b" for="ta-13" src="test-cases/ta-13/13b/13b.wgt" expected="invalid">
Tests if the validator performs revocation checking using an embedded X509CRL
element. To pass the validator must fail to validate this widget as the key used
to sign it (revoked.rsa.{key,cert}.pem) has been revoked.
</test>

<test id="14a" for="ta-14" src="test-cases/ta-14/14a/14a.wgt">
Tests that the validator supports C14N11 to process a ds:Reference that
specifies C14N11 as a canonicalization method. To pass the validator must
successfully validate this widget.
</test>

<test id="17a" for="ta-17" src="test-cases/ta-17/17a/17a.wgt">
Tests that the validator supports processing X.509 v3 certificates for when
certificates are used in the ds:X509Data of a digital signature. To pass the
validator must successfully validate this widget.
</test>

<test id="38rsa" for="ta-38" src="test-cases/ta-38/38rsa/38rsa.wgt">
Tests that the implementation supports the RSAwithSHA256 signature algorithm. To
pass the validator must successfully validate this widget, and a signer must
match signature1.xml when signing this widget with the default RSA key.
</test>

<test id="38dsa" for="ta-38" src="test-cases/ta-38/38dsa/38dsa.wgt">
Tests that the implementation supports the DSAwithSHA1 signature algorithm. To
pass the validator must successfully validate this widget, and a signer must
match signature1.xml when signing with the default DSA key.
</test>

<test id="38ecdsa" for="ta-38" src="test-cases/ta-38/38ecdsa/38ecdsa.wgt">
Tests that the implementation supports the ECDSAwithSHA256 signature algorithm.
To pass the validator must successfully validate this widget, and a signer must
match signature1.xml when signing with the default ECDSA key.
</test>

<test id="39a" for="ta-39" src="test-cases/ta-39/39a/39a.wgt">
Tests that the implementation ensures that any certificates in the ds:KeyInfo
element are of the mandatory certificate format. To pass a validator must
successfully validate this widget, and a signer must generate a signature with
a X509v3 certificate in the ds:KeyInfo element.
</test>

<test id="35a" for="ta-35" src="test-cases/ta-35/35a/35a.wgt">
Tests that the implementation ensures that each ds:Signature property required
by this specification meets the syntax requirements of XMLDSIG-Properties. To
pass a validator must successfully validate this widget.
</test>

</testsuite>
